* using log directory ‘/Users/yz720/Documents/bosfr-R-package/bosfr.Rcheck’
* using R version 4.4.0 (2024-04-24)
* using platform: aarch64-apple-darwin20
* R was compiled by
    Apple clang version 14.0.0 (clang-1400.0.29.202)
    GNU Fortran (GCC) 12.2.0
* running under: macOS 15.2
* using session charset: UTF-8
* using option ‘--as-cran’
* checking for file ‘bosfr/DESCRIPTION’ ... OK
* this is package ‘bosfr’ version ‘0.1.0’
* package encoding: UTF-8
* checking CRAN incoming feasibility ... NOTE
Maintainer: ‘Yijin Zeng <yijinzeng98@gmail.com>’

New submission
* checking package namespace information ... OK
* checking package dependencies ... OK
* checking if this is a source package ... OK
* checking if there is a namespace ... OK
* checking for executable files ... OK
* checking for hidden files and directories ... OK
* checking for portable file names ... OK
* checking for sufficient/correct file permissions ... OK
* checking serialization versions ... OK
* checking whether package ‘bosfr’ can be installed ... OK
* checking installed package size ... OK
* checking package directory ... OK
* checking for future file timestamps ... OK
* checking DESCRIPTION meta-information ... OK
* checking top-level files ... OK
* checking for left-over files ... OK
* checking index information ... OK
* checking package subdirectories ... OK
* checking code files for non-ASCII characters ... OK
* checking R files for syntax errors ... OK
* checking whether the package can be loaded ... OK
* checking whether the package can be loaded with stated dependencies ... OK
* checking whether the package can be unloaded cleanly ... OK
* checking whether the namespace can be loaded with stated dependencies ... OK
* checking whether the namespace can be unloaded cleanly ... OK
* checking use of S3 registration ... OK
* checking dependencies in R code ... OK
* checking S3 generic/method consistency ... OK
* checking replacement functions ... OK
* checking foreign function calls ... OK
* checking R code for possible problems ... OK
* checking Rd files ... OK
* checking Rd metadata ... OK
* checking Rd line widths ... OK
* checking Rd cross-references ... OK
* checking for missing documentation entries ... OK
* checking for code/documentation mismatches ... OK
* checking Rd \usage sections ... OK
* checking Rd contents ... OK
* checking for unstated dependencies in examples ... OK
* checking examples ... OK
* checking for unstated dependencies in ‘tests’ ... OK
* checking tests ... OK
  Running ‘testthat.R’
* checking PDF version of manual ... OK
* checking HTML version of manual ... NOTE
Found the following HTML validation problems:
bosfr-package.html:15:44 (bosfr-package.Rd:7): Error: <main> is not recognized!
bosfr-package.html:15:44 (bosfr-package.Rd:7): Warning: discarding unexpected <main>
bosfr-package.html:32:1 (bosfr-package.Rd:13): Warning: discarding unexpected </main>
bosfr-package.html:4:1 (bosfr-package.Rd:7): Warning: <link> inserting "type" attribute
bosfr-package.html:12:1 (bosfr-package.Rd:7): Warning: <script> proprietary attribute "onload"
bosfr-package.html:12:1 (bosfr-package.Rd:7): Warning: <script> inserting "type" attribute
bosfr-package.html:17:1 (bosfr-package.Rd:7): Warning: <table> lacks "summary" attribute
boundsKendall.html:15:44 (boundsKendall.Rd:5): Error: <main> is not recognized!
boundsKendall.html:15:44 (boundsKendall.Rd:5): Warning: discarding unexpected <main>
boundsKendall.html:111:1 (boundsKendall.Rd:46): Warning: discarding unexpected </main>
boundsKendall.html:4:1 (boundsKendall.Rd:5): Warning: <link> inserting "type" attribute
boundsKendall.html:12:1 (boundsKendall.Rd:5): Warning: <script> proprietary attribute "onload"
boundsKendall.html:12:1 (boundsKendall.Rd:5): Warning: <script> inserting "type" attribute
boundsKendall.html:17:1 (boundsKendall.Rd:5): Warning: <table> lacks "summary" attribute
boundsKendall.html:37:1 (boundsKendall.Rd:10): Warning: <table> lacks "summary" attribute
boundsKendall.html:70:1 (boundsKendall.Rd:14): Warning: <table> lacks "summary" attribute
boundsSFR.html:15:44 (boundsSFR.Rd:5): Error: <main> is not recognized!
boundsSFR.html:15:44 (boundsSFR.Rd:5): Warning: discarding unexpected <main>
boundsSFR.html:143:1 (boundsSFR.Rd:69): Warning: discarding unexpected </main>
boundsSFR.html:4:1 (boundsSFR.Rd:5): Warning: <link> inserting "type" attribute
boundsSFR.html:12:1 (boundsSFR.Rd:5): Warning: <script> proprietary attribute "onload"
boundsSFR.html:12:1 (boundsSFR.Rd:5): Warning: <script> inserting "type" attribute
boundsSFR.html:17:1 (boundsSFR.Rd:5): Warning: <table> lacks "summary" attribute
boundsSFR.html:39:1 (boundsSFR.Rd:10): Warning: <table> lacks "summary" attribute
boundsSFR.html:93:1 (boundsSFR.Rd:19): Warning: <table> lacks "summary" attribute
Skipping checking math rendering: package 'V8' unavailable
* checking for non-standard things in the check directory ... OK
* checking for detritus in the temp directory ... OK
* DONE
Status: 2 NOTEs
